<?xml version="1.0" encoding="UTF-8"?>
<testsuite xmlns:xsi="http://www.w3.org/2001/XMLSchema-instance" xsi:schemaLocation="https://maven.apache.org/surefire/maven-surefire-plugin/xsd/surefire-test-report.xsd" name="battlePackage.junit.BattleGraphicsTester" time="0.519" tests="6" errors="6" skipped="0" failures="0">
  <properties>
    <property name="java.runtime.name" value="Java(TM) SE Runtime Environment"/>
    <property name="java.vm.version" value="11.0.1+13-LTS"/>
    <property name="sun.boot.library.path" value="/Library/Java/JavaVirtualMachines/jdk-11.0.1.jdk/Contents/Home/lib"/>
    <property name="gopherProxySet" value="false"/>
    <property name="maven.multiModuleProjectDirectory" value="/Users/mark.dejarnett/EclipseProjects/BaylorRPG"/>
    <property name="java.vm.vendor" value="Oracle Corporation"/>
    <property name="java.vendor.url" value="http://java.oracle.com/"/>
    <property name="guice.disable.misplaced.annotation.check" value="true"/>
    <property name="path.separator" value=":"/>
    <property name="java.vm.name" value="Java HotSpot(TM) 64-Bit Server VM"/>
    <property name="sun.os.patch.level" value="unknown"/>
    <property name="user.country" value="US"/>
    <property name="sun.java.launcher" value="SUN_STANDARD"/>
    <property name="test" value="BattleGraphicsTester"/>
    <property name="java.vm.specification.name" value="Java Virtual Machine Specification"/>
    <property name="user.dir" value="/Users/mark.dejarnett/EclipseProjects/BaylorRPG"/>
    <property name="java.vm.compressedOopsMode" value="Zero based"/>
    <property name="java.runtime.version" value="11.0.1+13-LTS"/>
    <property name="java.awt.graphicsenv" value="sun.awt.CGraphicsEnvironment"/>
    <property name="os.arch" value="x86_64"/>
    <property name="java.io.tmpdir" value="/var/folders/83/kc6_m__d0r39wd640tkqfwl40000gn/T/"/>
    <property name="line.separator" value="&#10;"/>
    <property name="java.vm.specification.vendor" value="Oracle Corporation"/>
    <property name="os.name" value="Mac OS X"/>
    <property name="classworlds.conf" value="/usr/local/apache-maven-3.5.4/bin/m2.conf"/>
    <property name="sun.jnu.encoding" value="UTF-8"/>
    <property name="java.library.path" value="/Users/mark.dejarnett/Library/Java/Extensions:/Library/Java/Extensions:/Network/Library/Java/Extensions:/System/Library/Java/Extensions:/usr/lib/java:."/>
    <property name="maven.conf" value="/usr/local/apache-maven-3.5.4/conf"/>
    <property name="jdk.debug" value="release"/>
    <property name="java.class.version" value="55.0"/>
    <property name="java.specification.name" value="Java Platform API Specification"/>
    <property name="sun.management.compiler" value="HotSpot 64-Bit Tiered Compilers"/>
    <property name="os.version" value="10.14"/>
    <property name="library.jansi.path" value="/usr/local/apache-maven-3.5.4/lib/jansi-native"/>
    <property name="http.nonProxyHosts" value="local|*.local|169.254/16|*.169.254/16"/>
    <property name="user.home" value="/Users/mark.dejarnett"/>
    <property name="user.timezone" value="America/Chicago"/>
    <property name="java.awt.printerjob" value="sun.lwawt.macosx.CPrinterJob"/>
    <property name="file.encoding" value="UTF-8"/>
    <property name="java.specification.version" value="11"/>
    <property name="user.name" value="mark.dejarnett"/>
    <property name="java.class.path" value="/usr/local/apache-maven-3.5.4/boot/plexus-classworlds-2.5.2.jar"/>
    <property name="java.vm.specification.version" value="11"/>
    <property name="sun.arch.data.model" value="64"/>
    <property name="sun.java.command" value="org.codehaus.plexus.classworlds.launcher.Launcher -Dtest=BattleGraphicsTester test"/>
    <property name="java.home" value="/Library/Java/JavaVirtualMachines/jdk-11.0.1.jdk/Contents/Home"/>
    <property name="user.language" value="en"/>
    <property name="java.specification.vendor" value="Oracle Corporation"/>
    <property name="awt.toolkit" value="sun.lwawt.macosx.LWCToolkit"/>
    <property name="java.vm.info" value="mixed mode"/>
    <property name="java.version" value="11.0.1"/>
    <property name="java.vendor" value="Oracle Corporation"/>
    <property name="maven.home" value="/usr/local/apache-maven-3.5.4"/>
    <property name="file.separator" value="/"/>
    <property name="java.version.date" value="2018-10-16"/>
    <property name="java.vendor.url.bug" value="http://bugreport.java.com/bugreport/"/>
    <property name="sun.io.unicode.encoding" value="UnicodeBig"/>
    <property name="sun.cpu.endian" value="little"/>
    <property name="java.vendor.version" value="18.9"/>
    <property name="socksNonProxyHosts" value="local|*.local|169.254/16|*.169.254/16"/>
    <property name="ftp.nonProxyHosts" value="local|*.local|169.254/16|*.169.254/16"/>
    <property name="sun.cpu.isalist" value=""/>
  </properties>
  <testcase name="testInvalidFile" classname="battlePackage.junit.BattleGraphicsTester" time="0.021">
    <error message="No ParameterResolver registered for parameter [java.lang.String arg0] in executable [void battlePackage.junit.BattleGraphicsTester.init(java.lang.String) throws java.io.IOException]." type="org.junit.jupiter.api.extension.ParameterResolutionException">org.junit.jupiter.api.extension.ParameterResolutionException: No ParameterResolver registered for parameter [java.lang.String arg0] in executable [void battlePackage.junit.BattleGraphicsTester.init(java.lang.String) throws java.io.IOException].
</error>
  </testcase>
  <testcase name="testNullFile" classname="battlePackage.junit.BattleGraphicsTester" time="0.001">
    <error message="No ParameterResolver registered for parameter [java.lang.String arg0] in executable [void battlePackage.junit.BattleGraphicsTester.init(java.lang.String) throws java.io.IOException]." type="org.junit.jupiter.api.extension.ParameterResolutionException">org.junit.jupiter.api.extension.ParameterResolutionException: No ParameterResolver registered for parameter [java.lang.String arg0] in executable [void battlePackage.junit.BattleGraphicsTester.init(java.lang.String) throws java.io.IOException].
</error>
  </testcase>
  <testcase name="testPaintComponent" classname="battlePackage.junit.BattleGraphicsTester" time="0.001">
    <error message="No ParameterResolver registered for parameter [java.lang.String arg0] in executable [void battlePackage.junit.BattleGraphicsTester.init(java.lang.String) throws java.io.IOException]." type="org.junit.jupiter.api.extension.ParameterResolutionException">org.junit.jupiter.api.extension.ParameterResolutionException: No ParameterResolver registered for parameter [java.lang.String arg0] in executable [void battlePackage.junit.BattleGraphicsTester.init(java.lang.String) throws java.io.IOException].
</error>
  </testcase>
  <testcase name="init{String}[1]" classname="battlePackage.junit.BattleGraphicsTester" time="0.443">
    <error message="Can&apos;t read input file!" type="javax.imageio.IIOException">javax.imageio.IIOException: Can't read input file!
	at battlePackage.junit.BattleGraphicsTester.init(BattleGraphicsTester.java:19)
</error>
  </testcase>
  <testcase name="init{String}[2]" classname="battlePackage.junit.BattleGraphicsTester" time="0.002">
    <error message="Can&apos;t read input file!" type="javax.imageio.IIOException">javax.imageio.IIOException: Can't read input file!
	at battlePackage.junit.BattleGraphicsTester.init(BattleGraphicsTester.java:19)
</error>
  </testcase>
  <testcase name="init{String}[3]" classname="battlePackage.junit.BattleGraphicsTester" time="0.002">
    <error message="Can&apos;t read input file!" type="javax.imageio.IIOException">javax.imageio.IIOException: Can't read input file!
	at battlePackage.junit.BattleGraphicsTester.init(BattleGraphicsTester.java:19)
</error>
  </testcase>
</testsuite>